<?xml version="1.0" encoding="UTF-8"?>
<!-- Generated by org.testng.reporters.JUnitXMLReporter -->
<testsuite ignored="0" hostname="IN-C02DQAHYP3XY.local" failures="2" tests="2" name="Random Test" time="3.026" errors="0" timestamp="2023-03-02T12:42:55 IST">
  <testcase classname="Demo.TestCases" name="VerifyHomePage" time="0.005">
    <failure type="java.lang.IllegalArgumentException" message="Test name must not be null or empty">
      <![CDATA[java.lang.IllegalArgumentException: Test name must not be null or empty
at com.aventstack.extentreports.util.Assert.notEmpty(Assert.java:12)
at com.aventstack.extentreports.ExtentTest.<init>(ExtentTest.java:96)
at com.aventstack.extentreports.ExtentTest.<init>(ExtentTest.java:117)
at com.aventstack.extentreports.ExtentReports.createTest(ExtentReports.java:233)
at com.aventstack.extentreports.ExtentReports.createTest(ExtentReports.java:247)
at com.master.reporter.ExtentManager.createExtentTest(ExtentManager.java:37)
at com.master.listener.Listener.onTestStart(Listener.java:27)
at java.base/java.util.ArrayList.forEach(ArrayList.java:1511)
... Removed 24 stack frames]]>
    </failure>
  </testcase> <!-- VerifyHomePage -->
  <testcase classname="Demo.TestCases" name="VerifyHomePage" time="0.013">
    <failure type="java.lang.NullPointerException" message="Cannot invoke &amp;quot;com.aventstack.extentreports.ExtentTest.fail(String)&amp;quot; because &amp;quot;com.master.reporter.ExtentManager.extentTest&amp;quot; is null">
      <![CDATA[java.lang.NullPointerException: Cannot invoke "com.aventstack.extentreports.ExtentTest.fail(String)" because "com.master.reporter.ExtentManager.extentTest" is null
at com.master.listener.Listener.onTestFailure(Listener.java:38)
at java.base/java.util.ArrayList.forEach(ArrayList.java:1511)
... Removed 24 stack frames]]>
    </failure>
  </testcase> <!-- VerifyHomePage -->
</testsuite> <!-- Random Test -->
