<?xml version="1.0" encoding="UTF-8"?>
<testng-results ignored="0" total="2" passed="2" failed="0" skipped="0">
  <reporter-output>
    <line>
      <![CDATA[We used Google Chrome for this test]]>
    </line>
    <line>
      <![CDATA[Home Page is verified for this test]]>
    </line>
    <line>
      <![CDATA[URL is verified for this test]]>
    </line>
  </reporter-output>
  <suite started-at="2023-03-02T13:11:05 IST" name="Suite" finished-at="2023-03-02T13:11:14 IST" duration-ms="9518">
    <groups>
    </groups>
    <test started-at="2023-03-02T13:11:05 IST" name="Random Test" finished-at="2023-03-02T13:11:14 IST" duration-ms="9518">
      <class name="Demo.TestCases">
        <test-method is-config="true" signature="setup()[pri:0, instance:Demo.TestCases@5552768b]" started-at="2023-03-02T13:11:05 IST" name="setup" finished-at="2023-03-02T13:11:08 IST" duration-ms="3284" status="PASS">
          <reporter-output>
            <line>
              <![CDATA[We used Google Chrome for this test]]>
            </line>
          </reporter-output>
        </test-method> <!-- setup -->
        <test-method signature="VerifyHomePage()[pri:0, instance:Demo.TestCases@5552768b]" started-at="2023-03-02T13:11:08 IST" name="VerifyHomePage" description="Verify HomePage" finished-at="2023-03-02T13:11:13 IST" duration-ms="4437" status="PASS">
          <reporter-output>
            <line>
              <![CDATA[Home Page is verified for this test]]>
            </line>
          </reporter-output>
        </test-method> <!-- VerifyHomePage -->
        <test-method signature="VerifyTitle()[pri:0, instance:Demo.TestCases@5552768b]" started-at="2023-03-02T13:11:13 IST" name="VerifyTitle" description="Verify Title" finished-at="2023-03-02T13:11:14 IST" duration-ms="1606" status="PASS">
          <reporter-output>
            <line>
              <![CDATA[URL is verified for this test]]>
            </line>
          </reporter-output>
        </test-method> <!-- VerifyTitle -->
        <test-method is-config="true" signature="teardown()[pri:0, instance:Demo.TestCases@5552768b]" started-at="2023-03-02T13:11:14 IST" name="teardown" finished-at="2023-03-02T13:11:14 IST" duration-ms="167" status="PASS">
          <reporter-output>
          </reporter-output>
        </test-method> <!-- teardown -->
      </class> <!-- Demo.TestCases -->
    </test> <!-- Random Test -->
  </suite> <!-- Suite -->
</testng-results>
