<?xml version="1.0" encoding="UTF-8"?>
<testng-results ignored="0" total="2" passed="2" failed="0" skipped="0">
  <reporter-output>
  </reporter-output>
  <suite started-at="2023-03-01T17:45:49 IST" name="Suite" finished-at="2023-03-01T17:46:00 IST" duration-ms="11127">
    <groups>
    </groups>
    <test started-at="2023-03-01T17:45:49 IST" name="Random Test" finished-at="2023-03-01T17:46:00 IST" duration-ms="11127">
      <class name="Demo.TestCases">
        <test-method is-config="true" signature="setup()[pri:0, instance:Demo.TestCases@7bab3f1a]" started-at="2023-03-01T17:45:49 IST" name="setup" finished-at="2023-03-01T17:45:52 IST" duration-ms="3446" status="PASS">
          <reporter-output>
          </reporter-output>
        </test-method> <!-- setup -->
        <test-method signature="VerifyHomePage()[pri:0, instance:Demo.TestCases@7bab3f1a]" started-at="2023-03-01T17:45:52 IST" name="VerifyHomePage" finished-at="2023-03-01T17:45:58 IST" duration-ms="6035" status="PASS">
          <reporter-output>
          </reporter-output>
        </test-method> <!-- VerifyHomePage -->
        <test-method signature="VerifyTitle()[pri:0, instance:Demo.TestCases@7bab3f1a]" started-at="2023-03-01T17:45:58 IST" name="VerifyTitle" finished-at="2023-03-01T17:45:59 IST" duration-ms="1384" status="PASS">
          <reporter-output>
          </reporter-output>
        </test-method> <!-- VerifyTitle -->
        <test-method is-config="true" signature="teardown()[pri:0, instance:Demo.TestCases@7bab3f1a]" started-at="2023-03-01T17:45:59 IST" name="teardown" finished-at="2023-03-01T17:46:00 IST" duration-ms="237" status="PASS">
          <reporter-output>
          </reporter-output>
        </test-method> <!-- teardown -->
      </class> <!-- Demo.TestCases -->
    </test> <!-- Random Test -->
  </suite> <!-- Suite -->
</testng-results>
